<?xml version="1.0" encoding="utf-8"?><testsuites name="pytest tests"><testsuite name="pytest" errors="0" failures="0" skipped="0" tests="13" time="5.930" timestamp="2026-04-15T00:01:45.428308+00:00" hostname="agent-env-1ebe2344-3faa-40d4-9488-3b8c966c39ef"><testcase classname="backend.tests.test_employee_reports_features.TestEmployeeFeatures" name="test_get_employees_list" time="0.507" /><testcase classname="backend.tests.test_employee_reports_features.TestEmployeeFeatures" name="test_create_employee_with_master_role" time="0.473" /><testcase classname="backend.tests.test_employee_reports_features.TestEmployeeFeatures" name="test_create_employee_with_tailor_role" time="0.412" /><testcase classname="backend.tests.test_employee_reports_features.TestEmployeeFeatures" name="test_create_employee_with_worker_role" time="0.385" /><testcase classname="backend.tests.test_employee_reports_features.TestEmployeeFeatures" name="test_delete_employee_endpoint_exists" time="0.520" /><testcase classname="backend.tests.test_employee_reports_features.TestEmployeeFeatures" name="test_assign_work_to_employee" time="0.582" /><testcase classname="backend.tests.test_employee_reports_features.TestReportsFeatures" name="test_get_orders_by_status_pending" time="0.393" /><testcase classname="backend.tests.test_employee_reports_features.TestReportsFeatures" name="test_get_orders_by_status_in_progress" time="0.410" /><testcase classname="backend.tests.test_employee_reports_features.TestReportsFeatures" name="test_get_orders_by_status_ready" time="0.410" /><testcase classname="backend.tests.test_employee_reports_features.TestReportsFeatures" name="test_get_due_soon_orders" time="0.402" /><testcase classname="backend.tests.test_employee_reports_features.TestReportsFeatures" name="test_financial_summary_no_net_summary_required" time="0.413" /><testcase classname="backend.tests.test_employee_reports_features.TestReportsFeatures" name="test_dashboard_stats" time="0.376" /><testcase classname="backend.tests.test_employee_reports_features.TestCleanup" name="test_cleanup_test_employees" time="0.575" /></testsuite></testsuites>