<?xml version="1.0" encoding="utf-8"?><testsuites name="pytest tests"><testsuite name="pytest" errors="0" failures="0" skipped="0" tests="15" time="7.956" timestamp="2026-04-15T00:37:41.075026+00:00" hostname="agent-env-1ebe2344-3faa-40d4-9488-3b8c966c39ef"><testcase classname="tests.test_partnership_materials.TestPartnershipCRUD" name="test_get_partnership_entries_all" time="0.644" /><testcase classname="tests.test_partnership_materials.TestPartnershipCRUD" name="test_get_partnership_entries_by_partner_chandana" time="0.473" /><testcase classname="tests.test_partnership_materials.TestPartnershipCRUD" name="test_get_partnership_entries_by_partner_akanksha" time="0.510" /><testcase classname="tests.test_partnership_materials.TestPartnershipCRUD" name="test_get_partnership_entries_by_partner_sbi" time="0.505" /><testcase classname="tests.test_partnership_materials.TestPartnershipCRUD" name="test_create_partnership_entry" time="0.526" /><testcase classname="tests.test_partnership_materials.TestPartnershipCRUD" name="test_update_partnership_entry" time="0.625" /><testcase classname="tests.test_partnership_materials.TestPartnershipCRUD" name="test_delete_partnership_entry" time="0.566" /><testcase classname="tests.test_partnership_materials.TestPartnershipCRUD" name="test_delete_nonexistent_entry_returns_404" time="0.430" /><testcase classname="tests.test_partnership_materials.TestMaterialsEditDelete" name="test_get_materials" time="0.448" /><testcase classname="tests.test_partnership_materials.TestMaterialsEditDelete" name="test_create_material" time="0.530" /><testcase classname="tests.test_partnership_materials.TestMaterialsEditDelete" name="test_update_material" time="0.674" /><testcase classname="tests.test_partnership_materials.TestMaterialsEditDelete" name="test_delete_material" time="0.602" /><testcase classname="tests.test_partnership_materials.TestMaterialsEditDelete" name="test_delete_nonexistent_material_returns_404" time="0.469" /><testcase classname="tests.test_partnership_materials.TestMaterialsEditDelete" name="test_update_nonexistent_material_returns_404" time="0.471" /><testcase classname="tests.test_partnership_materials.TestPartnershipReport" name="test_get_partnership_report" time="0.386" /></testsuite></testsuites>